# stock-assistant 修復進度

## 版本：v1.1（2026-04-25）

---

## [DONE] Commit 1 - 擴充/RSS/摘要
- NAMES 擴充至 80+
- fetchYFBatch + loadStockList
- fetchNews 雙層迴圈
- 規劃頁投資摘要區塊

## [DONE] Commit 2 - 更換新聞 RSS
- 移除 Google News / 鉅亨 / MoneyDJ（全部失效）
- 改用 Yahoo Finance 台灣 + 經濟日報

---

## [DONE] Commit 3 - Batch 1 簡單修復
- [x] Bug1: fetchTWSEIndex 改用中文 key（指數名稱/收盤指數/漲跌/漲跌點數）
- [x] Bug3: 預算改為 高15%/中10%/低5%/AI20%/存股50%（加總剛好100%）
- [x] Issue2: totalStocks 改用 Object.keys(NAMES).length
- [x] Issue4: 版本升 v1.1，加最終修改日期 2026-04-25
- [x] Settings: 更新資料來源說明文字

---

## [DONE] Commit 4 - K線圖換 TWSE STOCK_DAY API
- [x] Bug2: 移除 fetchYFBatch（YF proxy 全封）
- [x] 移除 fetchTWSEBatch 裡的 YF fallback
- [x] fetchTWSEChart / fetchTWSEMonthChart / rocToDate 已在 Commit 3 就位
- [x] loadStockData 已使用 TWSE chart
- [x] changeRange 移除 interval 參數

---

## 狀態：v1.1 全部修復完成 ✅
